<?xml version="1.0" encoding="UTF-8"?>
<!-- Generated by org.testng.reporters.JUnitXMLReporter -->
<testsuite hostname="PI-Shariful" ignored="0" name="Test" tests="6" failures="1" timestamp="2023-10-10T21:19:41 BDT" time="287.028" errors="0">
  <testcase name="VerifyHomePageVisibility" time="11.656" classname="Ecommerce.OnlineShoppingAutomation.HomePageVisibility"/>
  <testcase name="VerifyCartPage" time="30.193" classname="Ecommerce.OnlineShoppingAutomation.CartPageDisplay"/>
  <testcase name="VerifyAccountCreated" time="27.061" classname="Ecommerce.OnlineShoppingAutomation.SignUpPage">
    <failure type="org.openqa.selenium.NoSuchElementException" message="Unable to locate element: #id_gender1
For documentation on this error, please visit: https://www.selenium.dev/documentation/webdriver/troubleshooting/errors#no-such-element-exception
Build info: version: &amp;apos;4.12.0&amp;apos;, revision: &amp;apos;249f2a7d1b*&amp;apos;
System info: os.name: &amp;apos;Windows 10&amp;apos;, os.arch: &amp;apos;amd64&amp;apos;, os.version: &amp;apos;10.0&amp;apos;, java.version: &amp;apos;1.8.0_381&amp;apos;
Driver info: org.openqa.selenium.firefox.FirefoxDriver
Command: [481e4dda-2149-4744-9712-ee739b43eea3, findElement {using=id, value=id_gender1}]
Capabilities {acceptInsecureCerts: true, browserName: firefox, browserVersion: 118.0.1, moz:accessibilityChecks: false, moz:buildID: 20230927232528, moz:debuggerAddress: 127.0.0.1:18545, moz:geckodriverVersion: 0.33.0, moz:headless: false, moz:platformVersion: 10.0, moz:processID: 6408, moz:profile: C:\Users\shariful\AppData\L..., moz:shutdownTimeout: 60000, moz:webdriverClick: true, moz:windowless: false, pageLoadStrategy: normal, platformName: windows, proxy: Proxy(), se:cdp: ws://127.0.0.1:18545/devtoo..., se:cdpVersion: 85.0, setWindowRect: true, strictFileInteractability: false, timeouts: {implicit: 0, pageLoad: 300000, script: 30000}, unhandledPromptBehavior: dismiss and notify}
Session ID: 481e4dda-2149-4744-9712-ee739b43eea3">
      <![CDATA[org.openqa.selenium.NoSuchElementException: Unable to locate element: #id_gender1
For documentation on this error, please visit: https://www.selenium.dev/documentation/webdriver/troubleshooting/errors#no-such-element-exception
Build info: version: '4.12.0', revision: '249f2a7d1b*'
System info: os.name: 'Windows 10', os.arch: 'amd64', os.version: '10.0', java.version: '1.8.0_381'
Driver info: org.openqa.selenium.firefox.FirefoxDriver
Command: [481e4dda-2149-4744-9712-ee739b43eea3, findElement {using=id, value=id_gender1}]
Capabilities {acceptInsecureCerts: true, browserName: firefox, browserVersion: 118.0.1, moz:accessibilityChecks: false, moz:buildID: 20230927232528, moz:debuggerAddress: 127.0.0.1:18545, moz:geckodriverVersion: 0.33.0, moz:headless: false, moz:platformVersion: 10.0, moz:processID: 6408, moz:profile: C:\Users\shariful\AppData\L..., moz:shutdownTimeout: 60000, moz:webdriverClick: true, moz:windowless: false, pageLoadStrategy: normal, platformName: windows, proxy: Proxy(), se:cdp: ws://127.0.0.1:18545/devtoo..., se:cdpVersion: 85.0, setWindowRect: true, strictFileInteractability: false, timeouts: {implicit: 0, pageLoad: 300000, script: 30000}, unhandledPromptBehavior: dismiss and notify}
Session ID: 481e4dda-2149-4744-9712-ee739b43eea3
at org.openqa.selenium.remote.codec.w3c.W3CHttpResponseCodec.createException(W3CHttpResponseCodec.java:200)
at org.openqa.selenium.remote.codec.w3c.W3CHttpResponseCodec.decode(W3CHttpResponseCodec.java:133)
at org.openqa.selenium.remote.codec.w3c.W3CHttpResponseCodec.decode(W3CHttpResponseCodec.java:52)
at org.openqa.selenium.remote.HttpCommandExecutor.execute(HttpCommandExecutor.java:191)
at org.openqa.selenium.remote.service.DriverCommandExecutor.invokeExecute(DriverCommandExecutor.java:196)
at org.openqa.selenium.remote.service.DriverCommandExecutor.execute(DriverCommandExecutor.java:171)
at org.openqa.selenium.remote.RemoteWebDriver.execute(RemoteWebDriver.java:602)
at org.openqa.selenium.remote.ElementLocation$ElementFinder$2.findElement(ElementLocation.java:165)
at org.openqa.selenium.remote.ElementLocation.findElement(ElementLocation.java:66)
at org.openqa.selenium.remote.RemoteWebDriver.findElement(RemoteWebDriver.java:359)
at org.openqa.selenium.remote.RemoteWebDriver.findElement(RemoteWebDriver.java:353)
at Ecommerce.OnlineShoppingAutomation.SignUpPage.VerifyAccountCreated(SignUpPage.java:33)
at java.util.ArrayList.forEach(ArrayList.java:1259)
... Removed 31 stack frames]]>
    </failure>
  </testcase> <!-- VerifyAccountCreated -->
  <testcase name="VerifyLoggedInAsUsername" time="28.751" classname="Ecommerce.OnlineShoppingAutomation.SignInPage"/>
  <testcase name="VerifyAddressAndOrder" time="54.69" classname="Ecommerce.OnlineShoppingAutomation.ReviewAddressAndOrderDetails"/>
  <testcase name="VerifyPlaceOrderSuccessMessage" time="56.379" classname="Ecommerce.OnlineShoppingAutomation.PlaceOrderSuccessfulMessage"/>
</testsuite> <!-- Test -->
